-------------------------------------------------------------------------------
Test set: com.stepDefinition.TestRunner
-------------------------------------------------------------------------------
Tests run: 6, Failures: 1, Errors: 0, Skipped: 0, Time elapsed: 79.902 s <<< FAILURE! - in com.stepDefinition.TestRunner
Login with invalid credentials(Login Functionality)  Time elapsed: 10.568 s  <<< FAILURE!
org.junit.ComparisonFailure: expected:<Warning: [Your account has exceeded allowed number of login attempts. Please try again in 1 hour].> but was:<Warning: [No match for E-Mail Address and/or Password].>

