<?xml version="1.0" encoding="UTF-8"?>
<testsuite xmlns:xsi="http://www.w3.org/2001/XMLSchema-instance" xsi:noNamespaceSchemaLocation="https://maven.apache.org/surefire/maven-surefire-plugin/xsd/surefire-test-report.xsd" name="com.stepDefinition.TestRunner" time="79.902" tests="6" errors="0" skipped="0" failures="1">
  <properties>
[...]
</properties>
  <testcase name="Login With Valid Credentials #1" classname="Login Functionality" time="12.837"/>
  <testcase name="Login With Valid Credentials #2" classname="Login Functionality" time="12.836"/>
  <testcase name="Login with invalid credentials" classname="Login Functionality" time="10.568">
    <failure message="expected:&lt;Warning: [Your account has exceeded allowed number of login attempts. Please try again in 1 hour].&gt; but was:&lt;Warning: [No match for E-Mail Address and/or Password].&gt;" type="org.junit.ComparisonFailure"><![CDATA[org.junit.ComparisonFailure: expected:<Warning: [Your account has exceeded allowed number of login attempts. Please try again in 1 hour].> but was:<Warning: [No match for E-Mail Address and/or Password].>
]]></failure>
    <system-out><![CDATA[
Scenario: Login with invalid credentials                           &amp#27;[90m# src/test/resource/login.feature:14&amp#27;[0m
  &amp#27;[32mGiven &amp#27;[0m&amp#27;[32mUser has to navigate to login page&amp#27;[0m                         &amp#27;[90m# com.stepDefinition.LoginTest.user_has_to_navigate_to_login_page()&amp#27;[0m
  &amp#27;[32mWhen &amp#27;[0m&amp#27;[32mUser has enter valid email Adress in the email field&amp#27;[0m        &amp#27;[90m# com.stepDefinition.LoginTest.user_has_enter_valid_email_adress_in_the_email_field()&amp#27;[0m
  &amp#27;[32mAnd &amp#27;[0m&amp#27;[32mUser has enter invalid password in the password field&amp#27;[0m        &amp#27;[90m# com.stepDefinition.LoginTest.user_has_enter_invalid_password_in_the_password_field()&amp#27;[0m
  &amp#27;[32mAnd &amp#27;[0m&amp#27;[32muser has to click on Login button&amp#27;[0m                            &amp#27;[90m# com.stepDefinition.LoginTest.user_has_to_click_on_login_button()&amp#27;[0m
  &amp#27;[31mThen &amp#27;[0m&amp#27;[31muser should get warning message if credentials doesnt match&amp#27;[0m &amp#27;[90m# com.stepDefinition.LoginTest.user_should_get_warning_message_if_credentials_doesnt_match()&amp#27;[0m
      &amp#27;[31morg.junit.ComparisonFailure: expected:<Warning: [Your account has exceeded allowed number of login attempts. Please try again in 1 hour].> but was:<Warning: [No match for E-Mail Address and/or Password].>
	at org.junit.Assert.assertEquals(Assert.java:115)
	at org.junit.Assert.assertEquals(Assert.java:144)
	at com.stepDefinition.LoginTest.user_should_get_warning_message_if_credentials_doesnt_match(LoginTest.java:62)
	at âœ½.user should get warning message if credentials doesnt match(file:///C:/Users/gokul/eclipse-workspace/NinjaCucumber/src/test/resource/login.feature:19)
&amp#27;[0m

    Embedding Login_with_invalid_credentials [report/png 63770 bytes]

]]></system-out>
    <system-err><![CDATA[Starting Microsoft Edge WebDriver 111.0.1661.44 (fc2a57ec5a410298200db8ad3013657d5472c408) on port 7795
To submit feedback, report a bug, or suggest new features, please visit https://github.com/MicrosoftEdge/EdgeWebDriver

Only local connections are allowed.
Please see https://aka.ms/WebDriverSecurity for suggestions on keeping Microsoft Edge WebDriver safe.

Microsoft Edge WebDriver was started successfully.
Mar 22, 2023 6:45:59 PM org.openqa.selenium.devtools.CdpVersionFinder findNearestMatch
WARNING: Unable to find an exact match for CDP version 111, so returning the closest version found: 110
]]></system-err>
  </testcase>
  <testcase name="Login with invalid email and valid password" classname="Login Functionality" time="13.176"/>
  <testcase name="Login with valid email and invalid password" classname="Login Functionality" time="14.02"/>
  <testcase name="Login without any credentials" classname="Login Functionality" time="11.972"/>
</testsuite>